<?xml version="1.0" encoding="UTF-8"?>
<!-- Generated by org.testng.reporters.JUnitReportReporter -->
<testsuite skipped="0" hostname="ip-172-31-30-204" name="redbusTest.SelectSeats" tests="1" failures="0" timestamp="2022-08-14T06:20:48 UTC" time="9.911" errors="0">
  <testcase name="buyBusSeats" time="9.911" classname="redbusTest.SelectSeats"/>
  <system-out/>
</testsuite> <!-- redbusTest.SelectSeats -->
