<?xml version="1.0" encoding="UTF-8"?>
<!-- Generated by org.testng.reporters.JUnitReportReporter -->
<testsuite skipped="0" hostname="ip-172-31-30-204" name="shopcluesTest.DryFruits" tests="1" failures="0" timestamp="2022-08-14T07:04:08 UTC" time="10.396" errors="0">
  <testcase name="buyProduct" time="10.396" classname="shopcluesTest.DryFruits"/>
  <system-out/>
</testsuite> <!-- shopcluesTest.DryFruits -->
