<?xml version="1.0" encoding="UTF-8"?>
<!-- Generated by org.testng.reporters.JUnitReportReporter -->
<testsuite skipped="0" hostname="ip-172-31-30-204" name="amazonTest.VerifyErrorMessage" tests="1" failures="0" timestamp="2022-08-14T06:44:02 UTC" time="2.489" errors="0">
  <testcase name="verifyErrorMessage" time="2.489" classname="amazonTest.VerifyErrorMessage"/>
  <system-out/>
</testsuite> <!-- amazonTest.VerifyErrorMessage -->
